2023-10-07 19:22:45.297 [info] /home/petril/桌面/SuperResolution/BSRN/BSRN/=~/.vscode-root/User/settings.json closed
2023-10-07 19:22:45.302 [info] Configuration changed
2023-10-07 19:22:54.890 [info] Active editor: vscode-notebook-cell:/home/petril/%E6%A1%8C%E9%9D%A2/SuperResolution/BSRN/BSRN/test.ipynb#W0sZmlsZQ%3D%3D
2023-10-07 19:22:56.152 [info] Active editor: untitled:/home/petril/%E6%A1%8C%E9%9D%A2/SuperResolution/BSRN/BSRN/%E4%BD%9C%E8%80%85%EF%BC%9ALogByMax
2023-10-07 19:23:03.165 [info] /home/petril/桌面/SuperResolution/BSRN/BSRN/作者：LogByMax closed
2023-10-07 19:23:03.202 [info] Active editor: vscode-notebook-cell:/home/petril/%E6%A1%8C%E9%9D%A2/SuperResolution/BSRN/BSRN/test.ipynb#W0sZmlsZQ%3D%3D
2023-10-07 19:23:10.757 [info] Active editor: untitled:/home/petril/%E6%A1%8C%E9%9D%A2/SuperResolution/BSRN/BSRN/https%3A/www.bilibili.com/read/cv17740630
2023-10-07 19:23:12.012 [info] /home/petril/桌面/SuperResolution/BSRN/BSRN/https:/www.bilibili.com/read/cv17740630 closed
2023-10-07 19:23:12.026 [info] Active editor: untitled:/home/petril/%E6%A1%8C%E9%9D%A2/SuperResolution/BSRN/BSRN/%E5%87%BA%E5%A4%84%EF%BC%9Abilibili
2023-10-07 19:23:13.761 [info] /home/petril/桌面/SuperResolution/BSRN/BSRN/出处：bilibili closed
2023-10-07 19:23:13.794 [info] Active editor: vscode-notebook-cell:/home/petril/%E6%A1%8C%E9%9D%A2/SuperResolution/BSRN/BSRN/test.ipynb#W0sZmlsZQ%3D%3D
2023-10-07 19:24:36.155 [info] Active editor: file:///home/petril/%E6%A1%8C%E9%9D%A2/SuperResolution/BSRN/BSRN/basicsr/archs/BSRN_arch.py
2023-10-07 19:24:37.707 [info] /home/petril/桌面/SuperResolution/BSRN/BSRN/basicsr/archs/BSRN_arch.py closed
2023-10-07 19:24:37.732 [info] Active editor: file:///home/petril/%E6%A1%8C%E9%9D%A2/SuperResolution/BSRN/BSRN/basicsr/archs/RFDN_arch.py
2023-10-07 19:24:37.743 [info] /home/petril/桌面/SuperResolution/BSRN/BSRN/basicsr/archs/BSRN_arch.py.git closed
2023-10-07 19:24:40.357 [info] /home/petril/桌面/SuperResolution/BSRN/BSRN/basicsr/archs/RFDN_arch.py closed
2023-10-07 19:24:40.381 [info] Active editor: file:///home/petril/%E6%A1%8C%E9%9D%A2/SuperResolution/BSRN/BSRN/basicsr/archs/BSRN_arch.py
2023-10-07 19:24:40.391 [info] /home/petril/桌面/SuperResolution/BSRN/BSRN/basicsr/archs/RFDN_arch.py.git closed
2023-10-07 20:01:36.736 [info] Active editor: file:///home/petril/%E6%A1%8C%E9%9D%A2/SuperResolution/BSRN/BSRN/testmy.py
2023-10-07 20:01:36.754 [info] /home/petril/桌面/SuperResolution/BSRN/BSRN/basicsr/archs/BSRN_arch.py.git closed
2023-10-07 20:01:48.409 [info] Active editor: vscode-notebook-cell:/home/petril/%E6%A1%8C%E9%9D%A2/SuperResolution/BSRN/BSRN/test.ipynb#W0sZmlsZQ%3D%3D
2023-10-07 20:01:48.417 [info] /home/petril/桌面/SuperResolution/BSRN/BSRN/testmy.py.git closed
2023-10-07 20:01:52.449 [info] Active editor: file:///home/petril/%E6%A1%8C%E9%9D%A2/SuperResolution/BSRN/BSRN/basicsr/archs/BSRN_arch.py
2023-10-07 20:01:55.497 [info] Active editor: vscode-notebook-cell:/home/petril/%E6%A1%8C%E9%9D%A2/SuperResolution/BSRN/BSRN/test.ipynb#W0sZmlsZQ%3D%3D
2023-10-07 20:01:55.515 [info] /home/petril/桌面/SuperResolution/BSRN/BSRN/basicsr/archs/BSRN_arch.py.git closed
2023-10-07 20:13:00.966 [info] Active editor: file:///home/petril/%E6%A1%8C%E9%9D%A2/SuperResolution/BSRN/BSRN/basicsr/archs/BSRN_arch.py
2023-10-07 20:13:03.336 [info] Active editor: file:///home/petril/%E6%A1%8C%E9%9D%A2/SuperResolution/BSRN/BSRN/testmy.py
2023-10-07 20:13:03.361 [info] /home/petril/桌面/SuperResolution/BSRN/BSRN/basicsr/archs/BSRN_arch.py.git closed
2023-10-07 20:13:09.527 [info] Active editor: file:///home/petril/%E6%A1%8C%E9%9D%A2/SuperResolution/BSRN/BSRN/basicsr/archs/BSRN_arch.py
2023-10-07 20:13:09.539 [info] /home/petril/桌面/SuperResolution/BSRN/BSRN/testmy.py.git closed
2023-10-07 20:15:35.914 [info] /home/petril/anaconda3/lib/python3.11/site-packages/torch/nn/modules/conv.py closed
2023-10-07 20:15:43.508 [info] /home/petril/anaconda3/lib/python3.11/site-packages/torch/nn/modules/conv.py closed
2023-10-07 20:15:44.192 [info] /home/petril/anaconda3/lib/python3.11/site-packages/torch/nn/modules/conv.py closed
2023-10-07 20:15:44.289 [info] /home/petril/anaconda3/lib/python3.11/site-packages/torch/nn/modules/conv.py closed
2023-10-07 20:15:48.266 [info] /home/petril/anaconda3/lib/python3.11/site-packages/torch/nn/modules/conv.py closed
2023-10-07 20:15:48.314 [info] /home/petril/anaconda3/lib/python3.11/site-packages/torch/nn/modules/conv.py closed
2023-10-07 20:15:51.353 [info] /home/petril/anaconda3/lib/python3.11/site-packages/torch/nn/modules/conv.py closed
2023-10-07 20:15:51.380 [info] /home/petril/anaconda3/lib/python3.11/site-packages/torch/nn/modules/conv.py closed
2023-10-07 20:15:51.677 [info] /home/petril/anaconda3/lib/python3.11/site-packages/torch/nn/modules/conv.py closed
2023-10-07 20:15:58.763 [info] /home/petril/anaconda3/lib/python3.11/site-packages/torch/nn/modules/conv.py closed
2023-10-07 20:15:58.786 [info] /home/petril/anaconda3/lib/python3.11/site-packages/torch/nn/modules/conv.py closed
2023-10-07 20:15:58.810 [info] /home/petril/anaconda3/lib/python3.11/site-packages/torch/nn/modules/conv.py closed
2023-10-07 20:16:25.135 [info] /home/petril/桌面/SuperResolution/BSRN/BSRN/=~/.vscode-root/User/settings.json closed
2023-10-07 20:16:25.180 [info] Configuration changed
2023-10-07 20:16:33.048 [info] /home/petril/桌面/SuperResolution/BSRN/BSRN/=~/.vscode-root/User/settings.json closed
2023-10-07 20:16:33.079 [info] Configuration changed
2023-10-07 20:35:23.033 [info] Active editor: file:///home/petril/%E6%A1%8C%E9%9D%A2/SuperResolution/BSRN/BSRN/testmy.py
2023-10-07 20:35:23.072 [info] /home/petril/桌面/SuperResolution/BSRN/BSRN/basicsr/archs/BSRN_arch.py.git closed
2023-10-07 20:35:25.381 [info] Active editor: file:///home/petril/%E6%A1%8C%E9%9D%A2/SuperResolution/BSRN/BSRN/basicsr/archs/BSRN_arch.py
2023-10-07 20:35:25.396 [info] /home/petril/桌面/SuperResolution/BSRN/BSRN/testmy.py.git closed
2023-10-07 20:35:28.109 [info] Active editor: file:///home/petril/%E6%A1%8C%E9%9D%A2/SuperResolution/BSRN/BSRN/testmy.py
2023-10-07 20:35:28.134 [info] /home/petril/桌面/SuperResolution/BSRN/BSRN/basicsr/archs/BSRN_arch.py.git closed
2023-10-07 20:58:49.426 [info] Active editor: file:///home/petril/%E6%A1%8C%E9%9D%A2/SuperResolution/BSRN/BSRN/basicsr/archs/BSRN_arch.py
2023-10-07 20:58:49.444 [info] /home/petril/桌面/SuperResolution/BSRN/BSRN/testmy.py.git closed
2023-10-07 21:04:13.276 [info] Active editor: file:///home/petril/%E6%A1%8C%E9%9D%A2/SuperResolution/BSRN/BSRN/testmy.py
2023-10-07 21:04:13.303 [info] /home/petril/桌面/SuperResolution/BSRN/BSRN/basicsr/archs/BSRN_arch.py.git closed
2023-10-07 21:04:24.234 [info] Active editor: file:///home/petril/%E6%A1%8C%E9%9D%A2/SuperResolution/BSRN/BSRN/basicsr/archs/BSRN_arch.py
2023-10-07 21:04:24.248 [info] /home/petril/桌面/SuperResolution/BSRN/BSRN/testmy.py.git closed
