2023-10-07 19:20:31.178 [info] Log level: Info
2023-10-07 19:20:31.178 [info] Validating found git in: "git"
2023-10-07 19:20:31.178 [info] Using git "2.25.1" from "git"
2023-10-07 19:20:31.178 [info] > git rev-parse --show-toplevel [4ms]
2023-10-07 19:20:31.179 [info] > git rev-parse --git-dir --git-common-dir [9ms]
2023-10-07 19:20:31.189 [info] Open repository: /home/petril/桌面/SuperResolution/BSRN/BSRN
2023-10-07 19:20:31.220 [info] > git rev-parse --show-toplevel [13ms]
2023-10-07 19:20:31.221 [info] > git config --get commit.template [22ms]
2023-10-07 19:20:31.669 [info] > git for-each-ref --format=%(refname)%00%(upstream:short)%00%(objectname)%00%(upstream:track)%00%(upstream:remotename)%00%(upstream:remoteref) refs/heads/main refs/remotes/main [428ms]
2023-10-07 19:20:31.679 [info] > git rev-parse --show-toplevel [448ms]
2023-10-07 19:20:31.694 [info] > git rev-parse --show-toplevel [2ms]
2023-10-07 19:20:31.715 [info] > git status -z -uall [37ms]
2023-10-07 19:20:31.715 [info] > git rev-parse --show-toplevel [12ms]
2023-10-07 19:20:31.754 [info] > git check-ignore -v -z --stdin [20ms]
2023-10-07 19:20:31.757 [info] > git rev-parse --show-toplevel [13ms]
2023-10-07 19:20:31.774 [info] > git config --get commit.template [22ms]
2023-10-07 19:20:31.817 [info] > git rev-parse --show-toplevel [43ms]
2023-10-07 19:20:31.850 [info] > git for-each-ref --format=%(refname)%00%(upstream:short)%00%(objectname)%00%(upstream:track)%00%(upstream:remotename)%00%(upstream:remoteref) refs/heads/main refs/remotes/main [33ms]
2023-10-07 19:20:31.887 [info] > git rev-parse --show-toplevel [38ms]
2023-10-07 19:20:31.901 [info] > git status -z -uall [43ms]
2023-10-07 19:20:31.901 [info] > git rev-parse --show-toplevel [4ms]
2023-10-07 19:20:31.922 [info] > git rev-parse --show-toplevel [5ms]
2023-10-07 19:20:31.940 [info] > git rev-parse --show-toplevel [7ms]
2023-10-07 19:20:31.952 [info] > git rev-parse --show-toplevel [2ms]
2023-10-07 19:20:33.762 [info] > git check-ignore -v -z --stdin [2ms]
2023-10-07 19:20:35.921 [info] > git config --get commit.template [13ms]
2023-10-07 19:20:35.922 [info] > git for-each-ref --format=%(refname)%00%(upstream:short)%00%(objectname)%00%(upstream:track)%00%(upstream:remotename)%00%(upstream:remoteref) refs/heads/main refs/remotes/main [3ms]
2023-10-07 19:20:35.968 [info] > git status -z -uall [36ms]
2023-10-07 19:21:00.611 [info] > git config --get commit.template [2ms]
2023-10-07 19:21:00.624 [info] > git for-each-ref --format=%(refname)%00%(upstream:short)%00%(objectname)%00%(upstream:track)%00%(upstream:remotename)%00%(upstream:remoteref) refs/heads/main refs/remotes/main [2ms]
2023-10-07 19:21:00.666 [info] > git status -z -uall [33ms]
2023-10-07 19:21:05.691 [info] > git config --get commit.template [2ms]
2023-10-07 19:21:05.702 [info] > git for-each-ref --format=%(refname)%00%(upstream:short)%00%(objectname)%00%(upstream:track)%00%(upstream:remotename)%00%(upstream:remoteref) refs/heads/main refs/remotes/main [2ms]
2023-10-07 19:21:05.735 [info] > git status -z -uall [25ms]
2023-10-07 19:21:10.772 [info] > git config --get commit.template [11ms]
2023-10-07 19:21:10.773 [info] > git for-each-ref --format=%(refname)%00%(upstream:short)%00%(objectname)%00%(upstream:track)%00%(upstream:remotename)%00%(upstream:remoteref) refs/heads/main refs/remotes/main [2ms]
2023-10-07 19:21:10.815 [info] > git status -z -uall [31ms]
2023-10-07 19:21:15.851 [info] > git config --get commit.template [11ms]
2023-10-07 19:21:15.853 [info] > git for-each-ref --format=%(refname)%00%(upstream:short)%00%(objectname)%00%(upstream:track)%00%(upstream:remotename)%00%(upstream:remoteref) refs/heads/main refs/remotes/main [3ms]
2023-10-07 19:21:15.894 [info] > git status -z -uall [31ms]
2023-10-07 19:21:20.931 [info] > git config --get commit.template [10ms]
2023-10-07 19:21:20.934 [info] > git for-each-ref --format=%(refname)%00%(upstream:short)%00%(objectname)%00%(upstream:track)%00%(upstream:remotename)%00%(upstream:remoteref) refs/heads/main refs/remotes/main [3ms]
2023-10-07 19:21:20.973 [info] > git status -z -uall [29ms]
2023-10-07 19:21:28.520 [info] > git config --get commit.template [11ms]
2023-10-07 19:21:28.520 [info] > git for-each-ref --format=%(refname)%00%(upstream:short)%00%(objectname)%00%(upstream:track)%00%(upstream:remotename)%00%(upstream:remoteref) refs/heads/main refs/remotes/main [2ms]
2023-10-07 19:21:28.562 [info] > git status -z -uall [32ms]
2023-10-07 19:21:34.421 [info] > git config --get commit.template [12ms]
2023-10-07 19:21:34.422 [info] > git for-each-ref --format=%(refname)%00%(upstream:short)%00%(objectname)%00%(upstream:track)%00%(upstream:remotename)%00%(upstream:remoteref) refs/heads/main refs/remotes/main [2ms]
2023-10-07 19:21:34.465 [info] > git status -z -uall [33ms]
2023-10-07 19:21:39.504 [info] > git config --get commit.template [11ms]
2023-10-07 19:21:39.504 [info] > git for-each-ref --format=%(refname)%00%(upstream:short)%00%(objectname)%00%(upstream:track)%00%(upstream:remotename)%00%(upstream:remoteref) refs/heads/main refs/remotes/main [2ms]
2023-10-07 19:21:39.547 [info] > git status -z -uall [32ms]
2023-10-07 19:21:56.838 [info] > git config --get commit.template [11ms]
2023-10-07 19:21:56.839 [info] > git for-each-ref --format=%(refname)%00%(upstream:short)%00%(objectname)%00%(upstream:track)%00%(upstream:remotename)%00%(upstream:remoteref) refs/heads/main refs/remotes/main [2ms]
2023-10-07 19:21:56.881 [info] > git status -z -uall [33ms]
2023-10-07 19:21:57.606 [info] > git check-ignore -v -z --stdin [2ms]
2023-10-07 19:21:58.903 [info] > git check-ignore -v -z --stdin [2ms]
2023-10-07 19:22:03.180 [info] > git check-ignore -v -z --stdin [1ms]
2023-10-07 19:22:04.173 [info] > git config --get commit.template [11ms]
2023-10-07 19:22:04.174 [info] > git for-each-ref --format=%(refname)%00%(upstream:short)%00%(objectname)%00%(upstream:track)%00%(upstream:remotename)%00%(upstream:remoteref) refs/heads/main refs/remotes/main [3ms]
2023-10-07 19:22:04.219 [info] > git status -z -uall [33ms]
2023-10-07 19:22:09.962 [info] > git config --get commit.template [13ms]
2023-10-07 19:22:09.963 [info] > git for-each-ref --format=%(refname)%00%(upstream:short)%00%(objectname)%00%(upstream:track)%00%(upstream:remotename)%00%(upstream:remoteref) refs/heads/main refs/remotes/main [2ms]
2023-10-07 19:22:10.004 [info] > git status -z -uall [30ms]
2023-10-07 19:22:18.630 [info] > git config --get commit.template [12ms]
2023-10-07 19:22:18.630 [info] > git for-each-ref --format=%(refname)%00%(upstream:short)%00%(objectname)%00%(upstream:track)%00%(upstream:remotename)%00%(upstream:remoteref) refs/heads/main refs/remotes/main [2ms]
2023-10-07 19:22:18.681 [info] > git status -z -uall [40ms]
2023-10-07 19:22:23.714 [info] > git config --get commit.template [10ms]
2023-10-07 19:22:23.715 [info] > git for-each-ref --format=%(refname)%00%(upstream:short)%00%(objectname)%00%(upstream:track)%00%(upstream:remotename)%00%(upstream:remoteref) refs/heads/main refs/remotes/main [1ms]
2023-10-07 19:22:23.757 [info] > git status -z -uall [34ms]
2023-10-07 19:22:28.794 [info] > git config --get commit.template [11ms]
2023-10-07 19:22:28.795 [info] > git for-each-ref --format=%(refname)%00%(upstream:short)%00%(objectname)%00%(upstream:track)%00%(upstream:remotename)%00%(upstream:remoteref) refs/heads/main refs/remotes/main [2ms]
2023-10-07 19:22:28.841 [info] > git status -z -uall [35ms]
2023-10-07 19:22:34.041 [info] > git config --get commit.template [13ms]
2023-10-07 19:22:34.042 [info] > git for-each-ref --format=%(refname)%00%(upstream:short)%00%(objectname)%00%(upstream:track)%00%(upstream:remotename)%00%(upstream:remoteref) refs/heads/main refs/remotes/main [2ms]
2023-10-07 19:22:34.088 [info] > git status -z -uall [35ms]
